[ 2023-06-04 11:39:59,284 ] 19 root - INFO - >>>>>>>>>>>>>>>>>>>>>>>>>>>>>>>>>>>>>>>> Data Ingestion <<<<<<<<<<<<<<<<<<<<<<<<<<<<<<<<<<<<<<<<
[ 2023-06-04 11:39:59,285 ] 30 root - INFO - Exporting collection data as dask dataframe
[ 2023-06-04 11:39:59,319 ] 35 root - INFO - Save data in feature store
[ 2023-06-04 11:39:59,319 ] 37 root - INFO - Create feature store folder if not available
[ 2023-06-04 11:39:59,320 ] 41 root - INFO - Save df to feature store folder
[ 2023-06-04 11:39:59,326 ] 46 root - INFO - split dataset into train and test set
[ 2023-06-04 11:39:59,331 ] 50 root - INFO - create dataset directory folder if not available
[ 2023-06-04 11:39:59,332 ] 55 root - INFO - Saving train df and test df to dataset folder
[ 2023-06-04 11:39:59,336 ] 67 root - INFO - Data ingestion artifact: DataIngestionArtifact(feature_store_file_path='D:\\FSDS-iNeuron\\10.Projects-DS\\AdvertisementSales\\artifact\\06042023__113959\\data_ingestion\\feature_store\\advertising.csv', train_file_path='D:\\FSDS-iNeuron\\10.Projects-DS\\AdvertisementSales\\artifact\\06042023__113959\\data_ingestion\\dataset\\train.csv', test_file_path='D:\\FSDS-iNeuron\\10.Projects-DS\\AdvertisementSales\\artifact\\06042023__113959\\data_ingestion\\dataset\\test.csv')
[ 2023-06-04 11:39:59,336 ] 20 root - INFO - >>>>>>>>>>>>>>>>>>>>>>>>>>>>>>>>>>>>>>>> Data Validation <<<<<<<<<<<<<<<<<<<<<<<<<<<<<<<<<<<<<<<<
[ 2023-06-04 11:39:59,336 ] 112 root - INFO - Reading base dataframe
[ 2023-06-04 11:39:59,352 ] 116 root - INFO - Drop null values colums from base df
[ 2023-06-04 11:39:59,352 ] 42 root - INFO - selecting column name which contains null above to 0.2
[ 2023-06-04 11:39:59,352 ] 45 root - INFO - Columns to drop: []
[ 2023-06-04 11:39:59,353 ] 119 root - INFO - Reading train dataframe
[ 2023-06-04 11:39:59,367 ] 121 root - INFO - Reading test dataframe
[ 2023-06-04 11:39:59,378 ] 124 root - INFO - Drop null values colums from train df
[ 2023-06-04 11:39:59,379 ] 42 root - INFO - selecting column name which contains null above to 0.2
[ 2023-06-04 11:39:59,379 ] 45 root - INFO - Columns to drop: []
[ 2023-06-04 11:39:59,380 ] 126 root - INFO - Drop null values colums from test df
[ 2023-06-04 11:39:59,381 ] 42 root - INFO - selecting column name which contains null above to 0.2
[ 2023-06-04 11:39:59,381 ] 45 root - INFO - Columns to drop: []
[ 2023-06-04 11:39:59,381 ] 129 root - INFO - Is all required columns present in train df
[ 2023-06-04 11:39:59,381 ] 131 root - INFO - Is all required columns present in test df
[ 2023-06-04 11:39:59,382 ] 135 root - INFO - As all column are available in train df hence detecting data drift in train dataframe
[ 2023-06-04 11:39:59,382 ] 92 root - INFO - Checking Data Types of 'TV': float64, float64 
[ 2023-06-04 11:39:59,385 ] 99 root - INFO - Checking number of classes in in TV column
: (TV
199.8    2
109.8    2
17.2     2
177.0    2
222.4    2
        ..
139.3    1
216.8    1
199.1    1
26.8     1
232.1    1
Name: count, Length: 190, dtype: int64, TV
184.9    2
177.0    2
17.2     2
240.1    2
109.8    2
        ..
149.7    1
131.7    1
57.5     1
141.3    1
280.2    1
Name: count, Length: 154, dtype: int64)
[ 2023-06-04 11:39:59,386 ] 92 root - INFO - Checking Data Types of 'Radio': float64, float64 
[ 2023-06-04 11:39:59,389 ] 99 root - INFO - Checking number of classes in in Radio column
: (Radio
4.1     3
5.7     3
13.9    2
14.3    2
36.9    2
       ..
42.8    1
14.5    1
30.6    1
33.0    1
8.6     1
Name: count, Length: 167, dtype: int64, Radio
4.1     3
14.3    2
48.9    2
33.5    2
4.9     2
       ..
15.9    1
42.7    1
41.1    1
43.8    1
10.1    1
Name: count, Length: 141, dtype: int64)
[ 2023-06-04 11:39:59,392 ] 92 root - INFO - Checking Data Types of 'Newspaper': float64, float64 
[ 2023-06-04 11:39:59,395 ] 99 root - INFO - Checking number of classes in in Newspaper column
: (Newspaper
9.3     3
25.6    3
8.7     3
34.6    2
8.5     2
       ..
27.2    1
31.7    1
19.3    1
31.3    1
66.2    1
Name: count, Length: 172, dtype: int64, Newspaper
9.3     3
25.6    3
8.7     3
45.1    2
22.3    2
       ..
65.7    1
18.2    1
35.7    1
14.2    1
21.4    1
Name: count, Length: 139, dtype: int64)
[ 2023-06-04 11:39:59,396 ] 92 root - INFO - Checking Data Types of 'Sales': float64, float64 
[ 2023-06-04 11:39:59,400 ] 99 root - INFO - Checking number of classes in in Sales column
: (Sales
11.9    5
16.7    5
20.7    4
11.0    3
11.3    3
       ..
13.4    1
24.2    1
8.1     1
5.5     1
25.5    1
Name: count, Length: 121, dtype: int64, Sales
16.7    4
11.9    4
19.8    3
20.9    3
17.1    3
       ..
10.9    1
18.9    1
5.3     1
3.2     1
19.4    1
Name: count, Length: 101, dtype: int64)
[ 2023-06-04 11:39:59,401 ] 138 root - INFO - As all column are available in test df hence detecting data drift test dataframe
[ 2023-06-04 11:39:59,401 ] 92 root - INFO - Checking Data Types of 'TV': float64, float64 
[ 2023-06-04 11:39:59,405 ] 99 root - INFO - Checking number of classes in in TV column
: (TV
199.8    2
109.8    2
17.2     2
177.0    2
222.4    2
        ..
139.3    1
216.8    1
199.1    1
26.8     1
232.1    1
Name: count, Length: 190, dtype: int64, TV
163.3    1
195.4    1
38.0     1
250.9    1
69.0     1
53.5     1
213.5    1
139.3    1
87.2     1
8.4      1
199.8    1
69.2     1
198.9    1
16.9     1
280.7    1
238.2    1
48.3     1
273.7    1
117.2    1
67.8     1
229.5    1
237.4    1
175.1    1
292.9    1
11.7     1
220.3    1
75.1     1
216.8    1
50.0     1
222.4    1
31.5     1
75.3     1
56.2     1
234.5    1
5.4      1
139.5    1
170.2    1
7.3      1
197.6    1
27.5     1
Name: count, dtype: int64)
[ 2023-06-04 11:39:59,406 ] 92 root - INFO - Checking Data Types of 'Radio': float64, float64 
[ 2023-06-04 11:39:59,410 ] 99 root - INFO - Checking number of classes in in Radio column
: (Radio
4.1     3
5.7     3
13.9    2
14.3    2
36.9    2
       ..
42.8    1
14.5    1
30.6    1
33.0    1
8.6     1
Name: count, Length: 167, dtype: int64, Radio
3.4     2
31.6    1
2.6     1
36.5    1
9.3     1
2.0     1
43.0    1
14.5    1
11.8    1
27.2    1
20.5    1
36.6    1
49.4    1
43.7    1
13.9    1
34.3    1
47.0    1
28.9    1
14.7    1
40.3    1
32.3    1
47.7    1
27.5    1
28.3    1
36.9    1
49.0    1
35.0    1
43.9    1
11.6    1
22.5    1
24.6    1
5.7     1
29.9    1
2.1     1
7.8     1
28.1    1
23.3    1
20.3    1
1.6     1
Name: count, dtype: int64)
[ 2023-06-04 11:39:59,411 ] 92 root - INFO - Checking Data Types of 'Newspaper': float64, float64 
[ 2023-06-04 11:39:59,415 ] 99 root - INFO - Checking number of classes in in Newspaper column
: (Newspaper
9.3     3
25.6    3
8.7     3
34.6    2
8.5     2
       ..
27.2    1
31.7    1
19.3    1
31.3    1
66.2    1
Name: count, Length: 172, dtype: int64, Newspaper
52.9     2
21.2     1
72.3     1
0.9      1
21.4     1
33.8     1
10.2     1
25.9     1
2.1      1
18.3     1
114.0    1
60.0     1
89.4     1
37.0     1
5.3      1
8.5      1
59.7     1
5.4      1
11.9     1
74.2     1
43.2     1
2.2      1
45.2     1
3.2      1
52.7     1
27.2     1
18.4     1
13.1     1
31.5     1
29.7     1
11.0     1
84.8     1
9.4      1
26.6     1
35.2     1
41.4     1
14.2     1
32.5     1
20.7     1
Name: count, dtype: int64)
[ 2023-06-04 11:39:59,416 ] 92 root - INFO - Checking Data Types of 'Sales': float64, float64 
[ 2023-06-04 11:39:59,419 ] 99 root - INFO - Checking number of classes in in Sales column
: (Sales
11.9    5
16.7    5
20.7    4
11.0    3
11.3    3
       ..
13.4    1
24.2    1
8.1     1
5.5     1
25.5    1
Name: count, Length: 121, dtype: int64, Sales
11.3    3
16.1    2
8.7     2
16.9    2
24.7    1
12.5    1
11.9    1
20.8    1
11.6    1
20.7    1
23.7    1
15.6    1
5.7     1
10.6    1
13.4    1
21.7    1
8.1     1
22.2    1
10.9    1
19.7    1
12.6    1
18.9    1
22.4    1
16.6    1
5.5     1
16.7    1
10.3    1
5.3     1
21.4    1
11.0    1
7.3     1
16.5    1
8.4     1
22.3    1
6.9     1
Name: count, dtype: int64)
[ 2023-06-04 11:39:59,420 ] 141 root - INFO - create dataset directory folder if not available for validated train file and test file
[ 2023-06-04 11:39:59,421 ] 146 root - INFO - Saving validated train df and test df to dataset folder
[ 2023-06-04 11:39:59,425 ] 152 root - INFO - Writing report in yaml file
[ 2023-06-04 11:39:59,428 ] 158 root - INFO - Data validation artifact: DataValidationArtifact(report_file_path='D:\\FSDS-iNeuron\\10.Projects-DS\\AdvertisementSales\\artifact\\06042023__113959\\data_validation\\report.yaml', train_file_path='D:\\FSDS-iNeuron\\10.Projects-DS\\AdvertisementSales\\artifact\\06042023__113959\\data_validation\\dataset\\train.csv', test_file_path='D:\\FSDS-iNeuron\\10.Projects-DS\\AdvertisementSales\\artifact\\06042023__113959\\data_validation\\dataset\\test.csv')
[ 2023-06-04 11:39:59,428 ] 24 root - INFO - >>>>>>>>>>>>>>>>>>>>>>>>>>>>>>>>>>>>>>>> Data Transformation <<<<<<<<<<<<<<<<<<<<<<<<<<<<<<<<<<<<<<<<
[ 2023-06-04 11:39:59,428 ] 46 root - INFO - Reading training and testing file
[ 2023-06-04 11:39:59,445 ] 51 root - INFO - Selecting input feature for train and test dataframe
[ 2023-06-04 11:39:59,446 ] 56 root - INFO - Selecting target feature for train and test dataframe
[ 2023-06-04 11:39:59,448 ] 63 root - INFO - Index(['TV'], dtype='object')
[ 2023-06-04 11:39:59,453 ] 69 root - INFO - Entered the save_object method of utils
[ 2023-06-04 11:39:59,455 ] 73 root - INFO - Exited the save_object method of utils
[ 2023-06-04 11:39:59,455 ] 86 root - INFO - Data transformation object DataTransformationArtifact(transformer_object_path='D:\\FSDS-iNeuron\\10.Projects-DS\\AdvertisementSales\\artifact\\06042023__113959\\data_transformation\\transformer\\transformer.pkl', transformed_train_path='D:\\FSDS-iNeuron\\10.Projects-DS\\AdvertisementSales\\artifact\\06042023__113959\\data_transformation\\transformed\\train.npz', transformed_test_path='D:\\FSDS-iNeuron\\10.Projects-DS\\AdvertisementSales\\artifact\\06042023__113959\\data_transformation\\transformed\\test.npz')
[ 2023-06-04 11:39:59,455 ] 20 root - INFO - >>>>>>>>>>>>>>>>>>>>>>>>>>>>>>>>>>>>>>>> Model Trainer <<<<<<<<<<<<<<<<<<<<<<<<<<<<<<<<<<<<<<<<
[ 2023-06-04 11:39:59,456 ] 44 root - INFO - Loading train and test array.
[ 2023-06-04 11:39:59,462 ] 48 root - INFO - Splitting input and target feature from both train and test arr.
[ 2023-06-04 11:39:59,462 ] 53 root - INFO - Train the model
[ 2023-06-04 11:39:59,465 ] 57 root - INFO - Calculating f1 train score
[ 2023-06-04 11:39:59,465 ] 62 root - INFO - Calculating f1 test score
[ 2023-06-04 11:39:59,466 ] 66 root - INFO - train score:0.8134866044709264 and tests score 0.802561303423698
[ 2023-06-04 11:39:59,466 ] 67 root - INFO - Checking if our model is a good model or not
[ 2023-06-04 11:39:59,466 ] 72 root - INFO - Checking if our model is overfiiting or not
[ 2023-06-04 11:39:59,466 ] 80 root - INFO - Saving mode object
[ 2023-06-04 11:39:59,466 ] 69 root - INFO - Entered the save_object method of utils
[ 2023-06-04 11:39:59,467 ] 73 root - INFO - Exited the save_object method of utils
[ 2023-06-04 11:39:59,467 ] 84 root - INFO - Prepare the artifact
[ 2023-06-04 11:39:59,467 ] 87 root - INFO - Model trainer artifact: ModelTrainerArtifact(model_path='D:\\FSDS-iNeuron\\10.Projects-DS\\AdvertisementSales\\artifact\\06042023__113959\\model_trainer\\model\\model.pkl', r2_train_score=0.8134866044709264, r2_test_score=0.802561303423698)
[ 2023-06-04 11:39:59,467 ] 25 root - INFO - >>>>>>>>>>>>>>>>>>>>>>>>>>>>>>>>>>>>>>>>  Model Evaluation <<<<<<<<<<<<<<<<<<<<<<<<<<<<<<<<<<<<<<<<
[ 2023-06-04 11:39:59,467 ] 26 root - INFO - ___________________________________________________________________________________________________________
[ 2023-06-04 11:39:59,467 ] 24 root - INFO - >>>>>>>>>>>>>>>>>>>>>>>>>>>>>>>>>>>>>>>> Data Transformation <<<<<<<<<<<<<<<<<<<<<<<<<<<<<<<<<<<<<<<<
[ 2023-06-04 11:39:59,468 ] 42 root - INFO - ___________________________________________________________________________________________________________
[ 2023-06-04 11:39:59,468 ] 43 root - INFO - If saved model folder has model then we will compare which model is best, Trained model from artifact folder or the model from saved model folder
[ 2023-06-04 11:39:59,468 ] 53 root - INFO - Finding location of knn_imputer, model and target encoder
[ 2023-06-04 11:39:59,468 ] 58 root - INFO - Previous trained objects of knn_imputer, model and target encoder
[ 2023-06-04 11:39:59,469 ] 63 root - INFO - Currently trained model objects
[ 2023-06-04 11:39:59,482 ] 85 root - INFO - Accuracy using previous trained model: 0.802561303423698
[ 2023-06-04 11:39:59,482 ] 88 root - INFO - Accuracy using current trained model
[ 2023-06-04 11:39:59,485 ] 99 root - INFO - Accuracy using current trained model: 0.802561303423698
[ 2023-06-04 11:39:59,485 ] 101 root - INFO - Current trained model is not better than previous model
